IntBool

[assume_abort_if_not::cond]

IntEq

[main::__CPAchecker_TMP_0]

IntAdd

[main::i]

IntOverflow

[main::B[i], main::i, main::tmp, __VERIFIER_assert::cond]

ALL

[main::B[i], main::__CPAchecker_TMP_0, main::i, main::tmp, __VERIFIER_assert::cond, assume_abort_if_not::cond, main::B, main::A]

DEPENDENCIES

[[__VERIFIER_assert::cond] --> [0],
[assume_abort_if_not::cond] --> [0],
[main::A] --> [2048],
[main::B] --> [2048],
[main::i] --> [0, 1, 2048],
[main::B[i], main::tmp] --> [],
[main::__CPAchecker_TMP_0] --> [0, 1]]

RELEVANT VARS

[main::__CPAchecker_TMP_0, main::i, main::tmp, __VERIFIER_assert::cond, assume_abort_if_not::cond, main::B, main::A]

RELEVANT FIELDS

{}
